Using pre-set license
Built from '6000.1/staging' branch; Version is '6000.1.9f1 (ed7b183fd33d) revision 15563544'; Using compiler version '194234433'; Build Type 'Release'
OS: 'Windows 11  (10.0.22631) 64bit Core' Language: 'en' Physical Memory: 16090 MB
BatchMode: 1, IsHumanControllingUs: 0, StartBugReporterOnCrash: 0, Is64bit: 1, IsPro: 1
Date: 2025-07-05T07:15:18Z

COMMAND LINE ARGUMENTS:
C:\Program Files\Unity\Hub\Editor\6000.1.9f1\Editor\Unity.exe
-adb2
-batchMode
-noUpm
-name
AssetImportWorker0
-projectPath
C:/Users/anton/PlushLeague
-logFile
Logs/AssetImportWorker0.log
-srvPort
50865
-job-worker-count
3
-background-job-worker-count
8
-gc-helper-count
1
-name
AssetImport
Successfully changed project path to: C:/Users/anton/PlushLeague
C:/Users/anton/PlushLeague
[UnityMemory] Configuration Parameters - Can be set up in boot.config
    "memorysetup-allocator-temp-initial-block-size-main=262144"
    "memorysetup-allocator-temp-initial-block-size-worker=262144"
    "memorysetup-bucket-allocator-granularity=16"
    "memorysetup-bucket-allocator-bucket-count=8"
    "memorysetup-bucket-allocator-block-size=33554432"
    "memorysetup-bucket-allocator-block-count=8"
    "memorysetup-main-allocator-block-size=16777216"
    "memorysetup-thread-allocator-block-size=16777216"
    "memorysetup-gfx-main-allocator-block-size=16777216"
    "memorysetup-gfx-thread-allocator-block-size=16777216"
    "memorysetup-cache-allocator-block-size=4194304"
    "memorysetup-typetree-allocator-block-size=2097152"
    "memorysetup-profiler-bucket-allocator-granularity=16"
    "memorysetup-profiler-bucket-allocator-bucket-count=8"
    "memorysetup-profiler-bucket-allocator-block-size=33554432"
    "memorysetup-profiler-bucket-allocator-block-count=8"
    "memorysetup-profiler-allocator-block-size=16777216"
    "memorysetup-profiler-editor-allocator-block-size=1048576"
    "memorysetup-temp-allocator-size-main=16777216"
    "memorysetup-job-temp-allocator-block-size=2097152"
    "memorysetup-job-temp-allocator-block-size-background=1048576"
    "memorysetup-job-temp-allocator-reduction-small-platforms=262144"
    "memorysetup-temp-allocator-size-background-worker=32768"
    "memorysetup-temp-allocator-size-job-worker=262144"
    "memorysetup-temp-allocator-size-preload-manager=33554432"
    "memorysetup-temp-allocator-size-nav-mesh-worker=65536"
    "memorysetup-temp-allocator-size-audio-worker=65536"
    "memorysetup-temp-allocator-size-cloud-worker=32768"
    "memorysetup-temp-allocator-size-gi-baking-worker=262144"
    "memorysetup-temp-allocator-size-gi-baking-worker=262144"
    "memorysetup-temp-allocator-size-gi-baking-worker=262144"
    "memorysetup-temp-allocator-size-gi-baking-worker=262144"
    "memorysetup-temp-allocator-size-gi-baking-worker=262144"
    "memorysetup-temp-allocator-size-gfx=262144"
Player connection [28240]  Target information:

Player connection [28240]  * "[IP] 192.168.56.1 [Port] 0 [Flags] 2 [Guid] 134379892 [EditorId] 134379892 [Version] 1048832 [Id] WindowsEditor(7,DESKTOP-8L7KUKB) [Debug] 1 [PackageName] WindowsEditor [ProjectName] Editor" 

Player connection [28240]  * "[IP] 10.252.3.91 [Port] 0 [Flags] 2 [Guid] 134379892 [EditorId] 134379892 [Version] 1048832 [Id] WindowsEditor(7,DESKTOP-8L7KUKB) [Debug] 1 [PackageName] WindowsEditor [ProjectName] Editor" 

Player connection [28240] Host joined multi-casting on [225.0.0.222:54997]...
Player connection [28240] Host joined alternative multi-casting on [225.0.0.222:34997]...
JobSystem: Creating JobQueue using job-worker-count value 3
Input System module state changed to: Initialized.
[Physics::Module] Initialized fallback backend.
[Physics::Module] Id: 0xdecafbad
Library Redirect Path: Library/
[Physics::Module] Selected backend.
[Physics::Module] Name: PhysX
[Physics::Module] Id: 0xf2b8ea05
[Physics::Module] SDK Version: 4.1.2
[Physics::Module] Integration Version: 1.0.0
[Physics::Module] Threading Mode: Multi-Threaded
Refreshing native plugins compatible for Editor in 17.17 ms, found 4 plugins.
Preloading 0 native plugins for Editor in 0.00 ms.
Initialize engine version: 6000.1.9f1 (ed7b183fd33d)
[Subsystems] Discovering subsystems at path C:/Program Files/Unity/Hub/Editor/6000.1.9f1/Editor/Data/Resources/UnitySubsystems
[Subsystems] Discovering subsystems at path C:/Users/anton/PlushLeague/Assets
GfxDevice: creating device client; kGfxThreadingModeNonThreaded
Direct3D:
    Version:         Direct3D 12 [level 12.1]
    Renderer:        Intel(R) Iris(R) Xe Graphics (ID=0x9a49)
    Vendor:          Intel
    VRAM:            8045 MB
    App VRAM Budget: 7387 MB
    Driver:          32.0.101.5768
    Unified Memory Architecture
    Cache Coherent UMA
Initialize mono
Mono path[0] = 'C:/Program Files/Unity/Hub/Editor/6000.1.9f1/Editor/Data/Managed'
Mono path[1] = 'C:/Program Files/Unity/Hub/Editor/6000.1.9f1/Editor/Data/MonoBleedingEdge/lib/mono/unityjit-win32'
Mono config path = 'C:/Program Files/Unity/Hub/Editor/6000.1.9f1/Editor/Data/MonoBleedingEdge/etc'
Using monoOptions --debugger-agent=transport=dt_socket,embedding=1,server=y,suspend=n,address=127.0.0.1:56080
Begin MonoManager ReloadAssembly
Registering precompiled unity dll's ...
Register platform support module: C:/Program Files/Unity/Hub/Editor/6000.1.9f1/Editor/Data/PlaybackEngines/WebGLSupport/UnityEditor.WebGL.Extensions.dll
Register platform support module: C:/Program Files/Unity/Hub/Editor/6000.1.9f1/Editor/Data/PlaybackEngines/WindowsStandaloneSupport/UnityEditor.WindowsStandalone.Extensions.dll
Register platform support module: C:/Program Files/Unity/Hub/Editor/6000.1.9f1/Editor/Data/PlaybackEngines/AndroidPlayer/UnityEditor.Android.Extensions.dll
Register platform support module: C:/Program Files/Unity/Hub/Editor/6000.1.9f1/Editor/Data/PlaybackEngines/iOSSupport/UnityEditor.iOS.Extensions.dll
Registered in 0.006323 seconds.
- Loaded All Assemblies, in  1.089 seconds
[usbmuxd] Start listen thread
[usbmuxd] Listen thread started
Native extension for iOS target not found
Native extension for Android target not found
Android Extension - Scanning For ADB Devices 506 ms
Native extension for WindowsStandalone target not found
Native extension for WebGL target not found
Mono: successfully reloaded assembly
- Finished resetting the current domain, in  1.572 seconds
Domain Reload Profiling: 2662ms
	BeginReloadAssembly (386ms)
		ExecutionOrderSort (0ms)
		DisableScriptedObjects (0ms)
		BackupInstance (0ms)
		ReleaseScriptingObjects (0ms)
		CreateAndSetChildDomain (1ms)
	RebuildCommonClasses (146ms)
	RebuildNativeTypeToScriptingClass (44ms)
	initialDomainReloadingComplete (135ms)
	LoadAllAssembliesAndSetupDomain (375ms)
		LoadAssemblies (386ms)
		RebuildTransferFunctionScriptingTraits (0ms)
		AnalyzeDomain (365ms)
			TypeCache.Refresh (357ms)
				TypeCache.ScanAssembly (328ms)
			BuildScriptInfoCaches (0ms)
			ResolveRequiredComponents (4ms)
	FinalizeReload (1576ms)
		ReleaseScriptCaches (0ms)
		RebuildScriptCaches (0ms)
		SetupLoadedEditorAssemblies (1450ms)
			LogAssemblyErrors (0ms)
			InitializePlatformSupportModulesInManaged (752ms)
			SetLoadedEditorAssemblies (9ms)
			BeforeProcessingInitializeOnLoad (135ms)
			ProcessInitializeOnLoadAttributes (340ms)
			ProcessInitializeOnLoadMethodAttributes (212ms)
			AfterProcessingInitializeOnLoad (0ms)
			EditorAssembliesLoaded (1ms)
		ExecutionOrderSort2 (0ms)
		AwakeInstancesAfterBackupRestoration (0ms)
========================================================================
Worker process is ready to serve import requests
Import Worker Mode flag is 0x00
Begin MonoManager ReloadAssembly
- Loaded All Assemblies, in  1.926 seconds
'Assets/Photon/Fusion/Runtime/Fusion.Unity.cs' contains partial class of Unity.Object, exactly 1 of the partial classes needs to be in a file with the same filename. This is to know the one that can be referenced from ie. GameObjects
'Assets/Photon/Fusion/Runtime/Fusion.Unity.cs' contains partial class of Unity.Object, exactly 1 of the partial classes needs to be in a file with the same filename. This is to know the one that can be referenced from ie. GameObjects
Refreshing native plugins compatible for Editor in 6.69 ms, found 4 plugins.
Native extension for iOS target not found
Native extension for Android target not found
Native extension for WindowsStandalone target not found
Native extension for WebGL target not found
Mono: successfully reloaded assembly
- Finished resetting the current domain, in  2.183 seconds
Domain Reload Profiling: 4100ms
	BeginReloadAssembly (444ms)
		ExecutionOrderSort (0ms)
		DisableScriptedObjects (15ms)
		BackupInstance (0ms)
		ReleaseScriptingObjects (0ms)
		CreateAndSetChildDomain (54ms)
	RebuildCommonClasses (72ms)
	RebuildNativeTypeToScriptingClass (22ms)
	initialDomainReloadingComplete (79ms)
	LoadAllAssembliesAndSetupDomain (1298ms)
		LoadAssemblies (1033ms)
		RebuildTransferFunctionScriptingTraits (0ms)
		AnalyzeDomain (538ms)
			TypeCache.Refresh (424ms)
				TypeCache.ScanAssembly (387ms)
			BuildScriptInfoCaches (89ms)
			ResolveRequiredComponents (20ms)
	FinalizeReload (2184ms)
		ReleaseScriptCaches (0ms)
		RebuildScriptCaches (0ms)
		SetupLoadedEditorAssemblies (1678ms)
			LogAssemblyErrors (0ms)
			InitializePlatformSupportModulesInManaged (33ms)
			SetLoadedEditorAssemblies (8ms)
			BeforeProcessingInitializeOnLoad (388ms)
			ProcessInitializeOnLoadAttributes (937ms)
			ProcessInitializeOnLoadMethodAttributes (300ms)
			AfterProcessingInitializeOnLoad (11ms)
			EditorAssembliesLoaded (1ms)
		ExecutionOrderSort2 (0ms)
		AwakeInstancesAfterBackupRestoration (15ms)
Launched and connected shader compiler UnityShaderCompiler.exe after 0.04 seconds
Refreshing native plugins compatible for Editor in 7.72 ms, found 4 plugins.
Preloading 0 native plugins for Editor in 0.00 ms.
Unloading 217 Unused Serialized files (Serialized files now loaded: 0)
Unloading 6136 unused Assets / (3.4 MB). Loaded Objects now: 6844.
Memory consumption went from 162.4 MB to 159.1 MB.
Total: 17.177700 ms (FindLiveObjects: 2.248100 ms CreateObjectMapping: 1.424100 ms MarkObjects: 9.295800 ms  DeleteObjects: 4.207100 ms)

========================================================================
Received Import Request.
  Time since last request: 1042213.563187 seconds.
  path: Assets/Scripts/Debug/BalanceTester.cs
  artifactKey: Guid(edb1ec7bc2f608e4e83f750847e93d28) Importer(2089858483,192608db42251d675da83286b1cce702)
Start importing Assets/Scripts/Debug/BalanceTester.cs using Guid(edb1ec7bc2f608e4e83f750847e93d28) Importer(2089858483,192608db42251d675da83286b1cce702) (ScriptedImporter) -> (artifact id: 'e6cab41a4de4831937165f404cbc7164') in 0.3534317 seconds
Number of updated asset objects reloaded before import = 0Number of asset objects unloaded after import = 0

========================================================================
Received Import Request.
  Time since last request: 0.000039 seconds.
  path: Assets/Scripts/UI/PostMatch
  artifactKey: Guid(844f5659e17dc034c870d19a8d54c222) Importer(2089858483,192608db42251d675da83286b1cce702)
Start importing Assets/Scripts/UI/PostMatch using Guid(844f5659e17dc034c870d19a8d54c222) Importer(2089858483,192608db42251d675da83286b1cce702) (ScriptedImporter) -> (artifact id: '3a73eabbce480a6204b61b67743159b7') in 0.0177045 seconds
Number of updated asset objects reloaded before import = 0Number of asset objects unloaded after import = 1

========================================================================
Received Import Request.
  Time since last request: 0.000017 seconds.
  path: Assets/Scripts/Audio/AudioManager.cs
  artifactKey: Guid(61759e021280a344697f13bc2dc22bca) Importer(2089858483,192608db42251d675da83286b1cce702)
Start importing Assets/Scripts/Audio/AudioManager.cs using Guid(61759e021280a344697f13bc2dc22bca) Importer(2089858483,192608db42251d675da83286b1cce702) (ScriptedImporter) -> (artifact id: 'a85777645bfae4109a5c180915d41482') in 0.0186106 seconds
Number of updated asset objects reloaded before import = 0Number of asset objects unloaded after import = 0

========================================================================
Received Import Request.
  Time since last request: 0.000018 seconds.
  path: Assets/Scripts/Debug/EdgeCaseTester.cs
  artifactKey: Guid(5eabdb478ea9b474080f7a6501e49b96) Importer(2089858483,192608db42251d675da83286b1cce702)
Start importing Assets/Scripts/Debug/EdgeCaseTester.cs using Guid(5eabdb478ea9b474080f7a6501e49b96) Importer(2089858483,192608db42251d675da83286b1cce702) (ScriptedImporter) -> (artifact id: '978884e21cbd8f0a2c23bb27e6b57dfd') in 0.0228956 seconds
Number of updated asset objects reloaded before import = 0Number of asset objects unloaded after import = 0

========================================================================
Received Import Request.
  Time since last request: 0.000017 seconds.
  path: Assets/Art/Sprites/Icons
  artifactKey: Guid(ecb03699ffa76e1458ded8dfc936e427) Importer(2089858483,192608db42251d675da83286b1cce702)
Start importing Assets/Art/Sprites/Icons using Guid(ecb03699ffa76e1458ded8dfc936e427) Importer(2089858483,192608db42251d675da83286b1cce702) (ScriptedImporter) -> (artifact id: '3033e92b9a3df11ea859c8b6a133359c') in 0.0163341 seconds
Number of updated asset objects reloaded before import = 0Number of asset objects unloaded after import = 1

========================================================================
Received Import Request.
  Time since last request: 0.000031 seconds.
  path: Assets/Scripts/Audio
  artifactKey: Guid(65a7c8ea523f559478edd1d3853b979f) Importer(2089858483,192608db42251d675da83286b1cce702)
Start importing Assets/Scripts/Audio using Guid(65a7c8ea523f559478edd1d3853b979f) Importer(2089858483,192608db42251d675da83286b1cce702) (ScriptedImporter) -> (artifact id: 'fc28aa6bf0d8bf6a14dfd6a2c2ec08b7') in 0.0155862 seconds
Number of updated asset objects reloaded before import = 0Number of asset objects unloaded after import = 1

========================================================================
Received Import Request.
  Time since last request: 0.000020 seconds.
  path: Assets/Scripts/Polish
  artifactKey: Guid(d09599cbc84848347a3b5b55ffc6a374) Importer(2089858483,192608db42251d675da83286b1cce702)
Start importing Assets/Scripts/Polish using Guid(d09599cbc84848347a3b5b55ffc6a374) Importer(2089858483,192608db42251d675da83286b1cce702) (ScriptedImporter) -> (artifact id: '4fee9f66d39583ee73a09eb7690934dd') in 0.0147737 seconds
Number of updated asset objects reloaded before import = 0Number of asset objects unloaded after import = 1

========================================================================
Received Import Request.
  Time since last request: 0.000023 seconds.
  path: Assets/Art/Textures
  artifactKey: Guid(bea434c642b4db14ca71a36551534374) Importer(2089858483,192608db42251d675da83286b1cce702)
Start importing Assets/Art/Textures using Guid(bea434c642b4db14ca71a36551534374) Importer(2089858483,192608db42251d675da83286b1cce702) (ScriptedImporter) -> (artifact id: 'db38847ed000de78095dfef427b445aa') in 0.020022 seconds
Number of updated asset objects reloaded before import = 0Number of asset objects unloaded after import = 1

========================================================================
Received Import Request.
  Time since last request: 0.000021 seconds.
  path: Assets/Scripts/Examples/CompleteSceneManagementExample.cs
  artifactKey: Guid(bae3c57fd6156ae4ea6a960cd98b0950) Importer(2089858483,192608db42251d675da83286b1cce702)
Start importing Assets/Scripts/Examples/CompleteSceneManagementExample.cs using Guid(bae3c57fd6156ae4ea6a960cd98b0950) Importer(2089858483,192608db42251d675da83286b1cce702) (ScriptedImporter) -> (artifact id: '88ad84965575ffd06463f92389d87916') in 0.0186348 seconds
Number of updated asset objects reloaded before import = 0Number of asset objects unloaded after import = 0

========================================================================
Received Import Request.
  Time since last request: 0.000033 seconds.
  path: Assets/Art/Models/Ball
  artifactKey: Guid(87376075352e3684a8c7ea08a86f7b1d) Importer(2089858483,192608db42251d675da83286b1cce702)
Start importing Assets/Art/Models/Ball using Guid(87376075352e3684a8c7ea08a86f7b1d) Importer(2089858483,192608db42251d675da83286b1cce702) (ScriptedImporter) -> (artifact id: '0d4cc0ce8712927c25c53f85522d059b') in 0.0165326 seconds
Number of updated asset objects reloaded before import = 0Number of asset objects unloaded after import = 1

========================================================================
Received Import Request.
  Time since last request: 0.000015 seconds.
  path: Assets/Scripts/Animation/PlushAnimationController.cs
  artifactKey: Guid(eaca4d4dfaecd9148ba83c4d4a7ee00b) Importer(2089858483,192608db42251d675da83286b1cce702)
Start importing Assets/Scripts/Animation/PlushAnimationController.cs using Guid(eaca4d4dfaecd9148ba83c4d4a7ee00b) Importer(2089858483,192608db42251d675da83286b1cce702) (ScriptedImporter) -> (artifact id: '651d73696bba79b16d5b61a10f73a943') in 0.0200488 seconds
Number of updated asset objects reloaded before import = 0Number of asset objects unloaded after import = 0

========================================================================
Received Import Request.
  Time since last request: 0.000022 seconds.
  path: Assets/Scripts/UI/PostMatch/PostMatchUI.cs
  artifactKey: Guid(96e41bd1d37659e4ca92aa437c63ddeb) Importer(2089858483,192608db42251d675da83286b1cce702)
Start importing Assets/Scripts/UI/PostMatch/PostMatchUI.cs using Guid(96e41bd1d37659e4ca92aa437c63ddeb) Importer(2089858483,192608db42251d675da83286b1cce702) (ScriptedImporter) -> (artifact id: '0395fdb4751eb7abe2392769ae45eefb') in 0.016901 seconds
Number of updated asset objects reloaded before import = 0Number of asset objects unloaded after import = 0

========================================================================
Received Import Request.
  Time since last request: 0.000023 seconds.
  path: Assets/Scripts/Animation
  artifactKey: Guid(0ddaef423ef2bb544bdcf2e9f131cc0f) Importer(2089858483,192608db42251d675da83286b1cce702)
Start importing Assets/Scripts/Animation using Guid(0ddaef423ef2bb544bdcf2e9f131cc0f) Importer(2089858483,192608db42251d675da83286b1cce702) (ScriptedImporter) -> (artifact id: '57f9af7a8a99439c216268a2266108a2') in 0.0173461 seconds
Number of updated asset objects reloaded before import = 0Number of asset objects unloaded after import = 1

========================================================================
Received Import Request.
  Time since last request: 0.000033 seconds.
  path: Assets/Scripts/Debug/README_Step13.md
  artifactKey: Guid(5af49f06585b24c469d2b08d798e7f8e) Importer(2089858483,192608db42251d675da83286b1cce702)
Start importing Assets/Scripts/Debug/README_Step13.md using Guid(5af49f06585b24c469d2b08d798e7f8e) Importer(2089858483,192608db42251d675da83286b1cce702) (ScriptedImporter) -> (artifact id: '563799b1f888a6910d95d493076cb932') in 0.0242754 seconds
Number of updated asset objects reloaded before import = 0Number of asset objects unloaded after import = 1

========================================================================
Received Import Request.
  Time since last request: 0.000021 seconds.
  path: Assets/Art/Materials
  artifactKey: Guid(71416d26b07183441960267f11820fef) Importer(2089858483,192608db42251d675da83286b1cce702)
Start importing Assets/Art/Materials using Guid(71416d26b07183441960267f11820fef) Importer(2089858483,192608db42251d675da83286b1cce702) (ScriptedImporter) -> (artifact id: 'a1ed5959c72ea53cd05ace300d14dfdb') in 0.0180502 seconds
Number of updated asset objects reloaded before import = 0Number of asset objects unloaded after import = 1

========================================================================
Received Import Request.
  Time since last request: 0.000017 seconds.
  path: Assets/Scripts/Examples/CompleteGameFlowDemo.cs
  artifactKey: Guid(9877d95f59e7eea4b9267030a7b8d843) Importer(2089858483,192608db42251d675da83286b1cce702)
Start importing Assets/Scripts/Examples/CompleteGameFlowDemo.cs using Guid(9877d95f59e7eea4b9267030a7b8d843) Importer(2089858483,192608db42251d675da83286b1cce702) (ScriptedImporter) -> (artifact id: '558d9fd12dc20c5ae9d70b6e27424f8d') in 0.0189909 seconds
Number of updated asset objects reloaded before import = 0Number of asset objects unloaded after import = 0

========================================================================
Received Import Request.
  Time since last request: 0.000017 seconds.
  path: Assets/Scripts/Examples/SceneManagementDemo.cs
  artifactKey: Guid(a947f71455677754dacb4a7e54ee5804) Importer(2089858483,192608db42251d675da83286b1cce702)
Start importing Assets/Scripts/Examples/SceneManagementDemo.cs using Guid(a947f71455677754dacb4a7e54ee5804) Importer(2089858483,192608db42251d675da83286b1cce702) (ScriptedImporter) -> (artifact id: '13a79d41d5c336c8e660e0ef0d4320ad') in 0.016291 seconds
Number of updated asset objects reloaded before import = 0Number of asset objects unloaded after import = 0

========================================================================
Received Import Request.
  Time since last request: 0.000039 seconds.
  path: Assets/Scripts/VFX/VFXManager.cs
  artifactKey: Guid(624a1486c3c2ca94990d3462b3323bce) Importer(2089858483,192608db42251d675da83286b1cce702)
Start importing Assets/Scripts/VFX/VFXManager.cs using Guid(624a1486c3c2ca94990d3462b3323bce) Importer(2089858483,192608db42251d675da83286b1cce702) (ScriptedImporter) -> (artifact id: '71ba1137bb9e11811d55c33712736888') in 0.0184517 seconds
Number of updated asset objects reloaded before import = 0Number of asset objects unloaded after import = 0

========================================================================
Received Import Request.
  Time since last request: 0.000014 seconds.
  path: Assets/Scripts/Examples/CompleteGameLoopDemo.cs
  artifactKey: Guid(2e98c7d37524c614ca13efc11e6ad131) Importer(2089858483,192608db42251d675da83286b1cce702)
Start importing Assets/Scripts/Examples/CompleteGameLoopDemo.cs using Guid(2e98c7d37524c614ca13efc11e6ad131) Importer(2089858483,192608db42251d675da83286b1cce702) (ScriptedImporter) -> (artifact id: '5f3e9082079b635f6f375675d5c3ee3f') in 0.0144 seconds
Number of updated asset objects reloaded before import = 0Number of asset objects unloaded after import = 0

========================================================================
Received Import Request.
  Time since last request: 0.000018 seconds.
  path: Assets/Art/Models/Characters
  artifactKey: Guid(aca408e2a3bdd9b47bc4bdc6546dfdc4) Importer(2089858483,192608db42251d675da83286b1cce702)
Start importing Assets/Art/Models/Characters using Guid(aca408e2a3bdd9b47bc4bdc6546dfdc4) Importer(2089858483,192608db42251d675da83286b1cce702) (ScriptedImporter) -> (artifact id: '2584c9fdc9be52cee2d0d43937f6f9af') in 0.0161719 seconds
Number of updated asset objects reloaded before import = 0Number of asset objects unloaded after import = 1

========================================================================
Received Prepare
'Assets/Photon/Fusion/Runtime/Fusion.Unity.cs' contains partial class of Unity.Object, exactly 1 of the partial classes needs to be in a file with the same filename. This is to know the one that can be referenced from ie. GameObjects
'Assets/Photon/Fusion/Runtime/Fusion.Unity.cs' contains partial class of Unity.Object, exactly 1 of the partial classes needs to be in a file with the same filename. This is to know the one that can be referenced from ie. GameObjects
Refreshing native plugins compatible for Editor in 9.04 ms, found 4 plugins.
Preloading 0 native plugins for Editor in 0.00 ms.
Unloading 13 Unused Serialized files (Serialized files now loaded: 0)
Unloading 6111 unused Assets / (3.7 MB). Loaded Objects now: 6847.
Memory consumption went from 130.2 MB to 126.5 MB.
Total: 286.164900 ms (FindLiveObjects: 8.910300 ms CreateObjectMapping: 1.497900 ms MarkObjects: 268.801300 ms  DeleteObjects: 6.949200 ms)

Prepare: number of updated asset objects reloaded= 0
