Using pre-set license
Built from '6000.1/staging' branch; Version is '6000.1.9f1 (ed7b183fd33d) revision 15563544'; Using compiler version '194234433'; Build Type 'Release'
OS: 'Windows 11  (10.0.22631) 64bit Core' Language: 'en' Physical Memory: 16090 MB
BatchMode: 1, IsHumanControllingUs: 0, StartBugReporterOnCrash: 0, Is64bit: 1, IsPro: 1
Date: 2025-07-05T07:15:18Z

COMMAND LINE ARGUMENTS:
C:\Program Files\Unity\Hub\Editor\6000.1.9f1\Editor\Unity.exe
-adb2
-batchMode
-noUpm
-name
AssetImportWorker1
-projectPath
C:/Users/anton/PlushLeague
-logFile
Logs/AssetImportWorker1.log
-srvPort
50865
-job-worker-count
3
-background-job-worker-count
8
-gc-helper-count
1
-name
AssetImport
Successfully changed project path to: C:/Users/anton/PlushLeague
C:/Users/anton/PlushLeague
[UnityMemory] Configuration Parameters - Can be set up in boot.config
    "memorysetup-allocator-temp-initial-block-size-main=262144"
    "memorysetup-allocator-temp-initial-block-size-worker=262144"
    "memorysetup-bucket-allocator-granularity=16"
    "memorysetup-bucket-allocator-bucket-count=8"
    "memorysetup-bucket-allocator-block-size=33554432"
    "memorysetup-bucket-allocator-block-count=8"
    "memorysetup-main-allocator-block-size=16777216"
    "memorysetup-thread-allocator-block-size=16777216"
    "memorysetup-gfx-main-allocator-block-size=16777216"
    "memorysetup-gfx-thread-allocator-block-size=16777216"
    "memorysetup-cache-allocator-block-size=4194304"
    "memorysetup-typetree-allocator-block-size=2097152"
    "memorysetup-profiler-bucket-allocator-granularity=16"
    "memorysetup-profiler-bucket-allocator-bucket-count=8"
    "memorysetup-profiler-bucket-allocator-block-size=33554432"
    "memorysetup-profiler-bucket-allocator-block-count=8"
    "memorysetup-profiler-allocator-block-size=16777216"
    "memorysetup-profiler-editor-allocator-block-size=1048576"
    "memorysetup-temp-allocator-size-main=16777216"
    "memorysetup-job-temp-allocator-block-size=2097152"
    "memorysetup-job-temp-allocator-block-size-background=1048576"
    "memorysetup-job-temp-allocator-reduction-small-platforms=262144"
    "memorysetup-temp-allocator-size-background-worker=32768"
    "memorysetup-temp-allocator-size-job-worker=262144"
    "memorysetup-temp-allocator-size-preload-manager=33554432"
    "memorysetup-temp-allocator-size-nav-mesh-worker=65536"
    "memorysetup-temp-allocator-size-audio-worker=65536"
    "memorysetup-temp-allocator-size-cloud-worker=32768"
    "memorysetup-temp-allocator-size-gi-baking-worker=262144"
    "memorysetup-temp-allocator-size-gi-baking-worker=262144"
    "memorysetup-temp-allocator-size-gi-baking-worker=262144"
    "memorysetup-temp-allocator-size-gi-baking-worker=262144"
    "memorysetup-temp-allocator-size-gi-baking-worker=262144"
    "memorysetup-temp-allocator-size-gfx=262144"
Player connection [8780]  Target information:

Player connection [8780]  * "[IP] 192.168.56.1 [Port] 0 [Flags] 2 [Guid] 2576132153 [EditorId] 2576132153 [Version] 1048832 [Id] WindowsEditor(7,DESKTOP-8L7KUKB) [Debug] 1 [PackageName] WindowsEditor [ProjectName] Editor" 

Player connection [8780]  * "[IP] 10.252.3.91 [Port] 0 [Flags] 2 [Guid] 2576132153 [EditorId] 2576132153 [Version] 1048832 [Id] WindowsEditor(7,DESKTOP-8L7KUKB) [Debug] 1 [PackageName] WindowsEditor [ProjectName] Editor" 

Player connection [8780] Host joined multi-casting on [225.0.0.222:54997]...
Player connection [8780] Host joined alternative multi-casting on [225.0.0.222:34997]...
JobSystem: Creating JobQueue using job-worker-count value 3
Input System module state changed to: Initialized.
[Physics::Module] Initialized fallback backend.
[Physics::Module] Id: 0xdecafbad
Library Redirect Path: Library/
[Physics::Module] Selected backend.
[Physics::Module] Name: PhysX
[Physics::Module] Id: 0xf2b8ea05
[Physics::Module] SDK Version: 4.1.2
[Physics::Module] Integration Version: 1.0.0
[Physics::Module] Threading Mode: Multi-Threaded
Refreshing native plugins compatible for Editor in 17.20 ms, found 4 plugins.
Preloading 0 native plugins for Editor in 0.00 ms.
Initialize engine version: 6000.1.9f1 (ed7b183fd33d)
[Subsystems] Discovering subsystems at path C:/Program Files/Unity/Hub/Editor/6000.1.9f1/Editor/Data/Resources/UnitySubsystems
[Subsystems] Discovering subsystems at path C:/Users/anton/PlushLeague/Assets
GfxDevice: creating device client; kGfxThreadingModeNonThreaded
Direct3D:
    Version:         Direct3D 12 [level 12.1]
    Renderer:        Intel(R) Iris(R) Xe Graphics (ID=0x9a49)
    Vendor:          Intel
    VRAM:            8045 MB
    App VRAM Budget: 7387 MB
    Driver:          32.0.101.5768
    Unified Memory Architecture
    Cache Coherent UMA
Initialize mono
Mono path[0] = 'C:/Program Files/Unity/Hub/Editor/6000.1.9f1/Editor/Data/Managed'
Mono path[1] = 'C:/Program Files/Unity/Hub/Editor/6000.1.9f1/Editor/Data/MonoBleedingEdge/lib/mono/unityjit-win32'
Mono config path = 'C:/Program Files/Unity/Hub/Editor/6000.1.9f1/Editor/Data/MonoBleedingEdge/etc'
Using monoOptions --debugger-agent=transport=dt_socket,embedding=1,server=y,suspend=n,address=127.0.0.1:56608
Begin MonoManager ReloadAssembly
Registering precompiled unity dll's ...
Register platform support module: C:/Program Files/Unity/Hub/Editor/6000.1.9f1/Editor/Data/PlaybackEngines/WebGLSupport/UnityEditor.WebGL.Extensions.dll
Register platform support module: C:/Program Files/Unity/Hub/Editor/6000.1.9f1/Editor/Data/PlaybackEngines/WindowsStandaloneSupport/UnityEditor.WindowsStandalone.Extensions.dll
Register platform support module: C:/Program Files/Unity/Hub/Editor/6000.1.9f1/Editor/Data/PlaybackEngines/AndroidPlayer/UnityEditor.Android.Extensions.dll
Register platform support module: C:/Program Files/Unity/Hub/Editor/6000.1.9f1/Editor/Data/PlaybackEngines/iOSSupport/UnityEditor.iOS.Extensions.dll
Registered in 0.009129 seconds.
- Loaded All Assemblies, in  1.113 seconds
[usbmuxd] Start listen thread
[usbmuxd] Listen thread started
Native extension for iOS target not found
Native extension for Android target not found
Android Extension - Scanning For ADB Devices 505 ms
Native extension for WindowsStandalone target not found
Native extension for WebGL target not found
Mono: successfully reloaded assembly
- Finished resetting the current domain, in  1.611 seconds
Domain Reload Profiling: 2720ms
	BeginReloadAssembly (367ms)
		ExecutionOrderSort (0ms)
		DisableScriptedObjects (0ms)
		BackupInstance (0ms)
		ReleaseScriptingObjects (0ms)
		CreateAndSetChildDomain (1ms)
	RebuildCommonClasses (143ms)
	RebuildNativeTypeToScriptingClass (67ms)
	initialDomainReloadingComplete (135ms)
	LoadAllAssembliesAndSetupDomain (395ms)
		LoadAssemblies (365ms)
		RebuildTransferFunctionScriptingTraits (0ms)
		AnalyzeDomain (389ms)
			TypeCache.Refresh (386ms)
				TypeCache.ScanAssembly (360ms)
			BuildScriptInfoCaches (0ms)
			ResolveRequiredComponents (1ms)
	FinalizeReload (1611ms)
		ReleaseScriptCaches (0ms)
		RebuildScriptCaches (0ms)
		SetupLoadedEditorAssemblies (1496ms)
			LogAssemblyErrors (0ms)
			InitializePlatformSupportModulesInManaged (770ms)
			SetLoadedEditorAssemblies (7ms)
			BeforeProcessingInitializeOnLoad (142ms)
			ProcessInitializeOnLoadAttributes (396ms)
			ProcessInitializeOnLoadMethodAttributes (180ms)
			AfterProcessingInitializeOnLoad (0ms)
			EditorAssembliesLoaded (0ms)
		ExecutionOrderSort2 (0ms)
		AwakeInstancesAfterBackupRestoration (0ms)
========================================================================
Worker process is ready to serve import requests
Import Worker Mode flag is 0x00
Begin MonoManager ReloadAssembly
- Loaded All Assemblies, in  1.917 seconds
'Assets/Photon/Fusion/Runtime/Fusion.Unity.cs' contains partial class of Unity.Object, exactly 1 of the partial classes needs to be in a file with the same filename. This is to know the one that can be referenced from ie. GameObjects
'Assets/Photon/Fusion/Runtime/Fusion.Unity.cs' contains partial class of Unity.Object, exactly 1 of the partial classes needs to be in a file with the same filename. This is to know the one that can be referenced from ie. GameObjects
Refreshing native plugins compatible for Editor in 12.38 ms, found 4 plugins.
Native extension for iOS target not found
Native extension for Android target not found
Native extension for WindowsStandalone target not found
Native extension for WebGL target not found
Mono: successfully reloaded assembly
- Finished resetting the current domain, in  2.175 seconds
Domain Reload Profiling: 4080ms
	BeginReloadAssembly (422ms)
		ExecutionOrderSort (0ms)
		DisableScriptedObjects (14ms)
		BackupInstance (0ms)
		ReleaseScriptingObjects (0ms)
		CreateAndSetChildDomain (57ms)
	RebuildCommonClasses (72ms)
	RebuildNativeTypeToScriptingClass (30ms)
	initialDomainReloadingComplete (79ms)
	LoadAllAssembliesAndSetupDomain (1300ms)
		LoadAssemblies (1011ms)
		RebuildTransferFunctionScriptingTraits (0ms)
		AnalyzeDomain (553ms)
			TypeCache.Refresh (437ms)
				TypeCache.ScanAssembly (398ms)
			BuildScriptInfoCaches (89ms)
			ResolveRequiredComponents (22ms)
	FinalizeReload (2177ms)
		ReleaseScriptCaches (0ms)
		RebuildScriptCaches (0ms)
		SetupLoadedEditorAssemblies (1661ms)
			LogAssemblyErrors (0ms)
			InitializePlatformSupportModulesInManaged (26ms)
			SetLoadedEditorAssemblies (7ms)
			BeforeProcessingInitializeOnLoad (361ms)
			ProcessInitializeOnLoadAttributes (941ms)
			ProcessInitializeOnLoadMethodAttributes (315ms)
			AfterProcessingInitializeOnLoad (10ms)
			EditorAssembliesLoaded (1ms)
		ExecutionOrderSort2 (0ms)
		AwakeInstancesAfterBackupRestoration (16ms)
Launched and connected shader compiler UnityShaderCompiler.exe after 0.03 seconds
Refreshing native plugins compatible for Editor in 7.67 ms, found 4 plugins.
Preloading 0 native plugins for Editor in 0.00 ms.
Unloading 217 Unused Serialized files (Serialized files now loaded: 0)
Unloading 6136 unused Assets / (3.6 MB). Loaded Objects now: 6844.
Memory consumption went from 162.1 MB to 158.5 MB.
Total: 17.567300 ms (FindLiveObjects: 1.931100 ms CreateObjectMapping: 1.549200 ms MarkObjects: 10.135300 ms  DeleteObjects: 3.950400 ms)

========================================================================
Received Import Request.
  Time since last request: 1042213.563026 seconds.
  path: Assets/Scripts/Debug/BugReportUI.cs
  artifactKey: Guid(792c4ac4b4f009c45aa00d82058b6356) Importer(2089858483,192608db42251d675da83286b1cce702)
Start importing Assets/Scripts/Debug/BugReportUI.cs using Guid(792c4ac4b4f009c45aa00d82058b6356) Importer(2089858483,192608db42251d675da83286b1cce702) (ScriptedImporter) -> (artifact id: 'c79891f7aebbe6157cdf506b79bf8709') in 0.3491924 seconds
Number of updated asset objects reloaded before import = 0Number of asset objects unloaded after import = 0

========================================================================
Received Import Request.
  Time since last request: 0.000029 seconds.
  path: Assets/Scripts/Debug/PlaytestingManager.cs
  artifactKey: Guid(1f0b0e0f6e9361447bbb3c586da2e0db) Importer(2089858483,192608db42251d675da83286b1cce702)
Start importing Assets/Scripts/Debug/PlaytestingManager.cs using Guid(1f0b0e0f6e9361447bbb3c586da2e0db) Importer(2089858483,192608db42251d675da83286b1cce702) (ScriptedImporter) -> (artifact id: 'ec3725d0e2a8041c71af1720848affa3') in 0.0213283 seconds
Number of updated asset objects reloaded before import = 0Number of asset objects unloaded after import = 0

========================================================================
Received Import Request.
  Time since last request: 0.000048 seconds.
  path: Assets/Scripts/UI/Theme/UIThemeManager.cs
  artifactKey: Guid(d70e5b27db50e794a8d85c1cce204011) Importer(2089858483,192608db42251d675da83286b1cce702)
Start importing Assets/Scripts/UI/Theme/UIThemeManager.cs using Guid(d70e5b27db50e794a8d85c1cce204011) Importer(2089858483,192608db42251d675da83286b1cce702) (ScriptedImporter) -> (artifact id: 'b86e1551b5c8731d48c5eb356cf1b6a4') in 0.0186284 seconds
Number of updated asset objects reloaded before import = 0Number of asset objects unloaded after import = 0

========================================================================
Received Import Request.
  Time since last request: 0.000015 seconds.
  path: Assets/Scripts/Core/GameManager.cs
  artifactKey: Guid(7a02f758cf442764fb103022470f6792) Importer(2089858483,192608db42251d675da83286b1cce702)
Start importing Assets/Scripts/Core/GameManager.cs using Guid(7a02f758cf442764fb103022470f6792) Importer(2089858483,192608db42251d675da83286b1cce702) (ScriptedImporter) -> (artifact id: '21f599a592a649a9c310443a8a39b188') in 0.0253138 seconds
Number of updated asset objects reloaded before import = 0Number of asset objects unloaded after import = 0

========================================================================
Received Import Request.
  Time since last request: 0.000018 seconds.
  path: Assets/Audio/SFX
  artifactKey: Guid(0f54349780a5f8c45a71cf372813d4e6) Importer(2089858483,192608db42251d675da83286b1cce702)
Start importing Assets/Audio/SFX using Guid(0f54349780a5f8c45a71cf372813d4e6) Importer(2089858483,192608db42251d675da83286b1cce702) (ScriptedImporter) -> (artifact id: '053ceddcf78d3aaa5eda7656229cd35a') in 0.019603 seconds
Number of updated asset objects reloaded before import = 0Number of asset objects unloaded after import = 1

========================================================================
Received Import Request.
  Time since last request: 0.000026 seconds.
  path: Assets/VFX
  artifactKey: Guid(f89a7c342aa3afe409f1f265b39061dc) Importer(2089858483,192608db42251d675da83286b1cce702)
Start importing Assets/VFX using Guid(f89a7c342aa3afe409f1f265b39061dc) Importer(2089858483,192608db42251d675da83286b1cce702) (ScriptedImporter) -> (artifact id: 'e3c739f7947dac638f825552caf9a57d') in 0.0204711 seconds
Number of updated asset objects reloaded before import = 0Number of asset objects unloaded after import = 1

========================================================================
Received Import Request.
  Time since last request: 0.000034 seconds.
  path: Assets/Scripts/Debug/DebugTools.cs
  artifactKey: Guid(dadb38b1b20ec874b8a20efc04e42dc4) Importer(2089858483,192608db42251d675da83286b1cce702)
Start importing Assets/Scripts/Debug/DebugTools.cs using Guid(dadb38b1b20ec874b8a20efc04e42dc4) Importer(2089858483,192608db42251d675da83286b1cce702) (ScriptedImporter) -> (artifact id: 'ffeaf11f0c06a987e30191714cbe2b59') in 0.0185954 seconds
Number of updated asset objects reloaded before import = 0Number of asset objects unloaded after import = 0

========================================================================
Received Import Request.
  Time since last request: 0.000014 seconds.
  path: Assets/Scripts/Debug/DebugIntegrationManager.cs
  artifactKey: Guid(fab5453e79a2a034faf48c88ce219cd2) Importer(2089858483,192608db42251d675da83286b1cce702)
Start importing Assets/Scripts/Debug/DebugIntegrationManager.cs using Guid(fab5453e79a2a034faf48c88ce219cd2) Importer(2089858483,192608db42251d675da83286b1cce702) (ScriptedImporter) -> (artifact id: '5f0643989439de30fc94642cbf462b76') in 0.0188909 seconds
Number of updated asset objects reloaded before import = 0Number of asset objects unloaded after import = 0

========================================================================
Received Import Request.
  Time since last request: 0.000022 seconds.
  path: Assets/Scripts/VFX
  artifactKey: Guid(46cfd5ad5d34f1f4ab352ec2cd5abeac) Importer(2089858483,192608db42251d675da83286b1cce702)
Start importing Assets/Scripts/VFX using Guid(46cfd5ad5d34f1f4ab352ec2cd5abeac) Importer(2089858483,192608db42251d675da83286b1cce702) (ScriptedImporter) -> (artifact id: '013dc145b790aab1e59ce7596df0d360') in 0.020156 seconds
Number of updated asset objects reloaded before import = 0Number of asset objects unloaded after import = 1

========================================================================
Received Import Request.
  Time since last request: 0.000017 seconds.
  path: Assets/Art/Models/Environment
  artifactKey: Guid(765daaf962f7fea46b7c388acd4a55c5) Importer(2089858483,192608db42251d675da83286b1cce702)
Start importing Assets/Art/Models/Environment using Guid(765daaf962f7fea46b7c388acd4a55c5) Importer(2089858483,192608db42251d675da83286b1cce702) (ScriptedImporter) -> (artifact id: '431d06bb7d41fef6e91f27cf496d21fc') in 0.015188 seconds
Number of updated asset objects reloaded before import = 0Number of asset objects unloaded after import = 1

========================================================================
Received Import Request.
  Time since last request: 0.000027 seconds.
  path: Assets/Scripts/Debug/Step13Implementation.cs
  artifactKey: Guid(6b72f1936dce57542aee4ff3d69cddb1) Importer(2089858483,192608db42251d675da83286b1cce702)
Start importing Assets/Scripts/Debug/Step13Implementation.cs using Guid(6b72f1936dce57542aee4ff3d69cddb1) Importer(2089858483,192608db42251d675da83286b1cce702) (ScriptedImporter) -> (artifact id: 'a955808f6eacd3c3b2b8154121a8bced') in 0.0199442 seconds
Number of updated asset objects reloaded before import = 0Number of asset objects unloaded after import = 0

========================================================================
Received Import Request.
  Time since last request: 0.000017 seconds.
  path: Assets/Scripts/UI/Theme
  artifactKey: Guid(4a2b5a3ca863219419a527af48b0dd84) Importer(2089858483,192608db42251d675da83286b1cce702)
Start importing Assets/Scripts/UI/Theme using Guid(4a2b5a3ca863219419a527af48b0dd84) Importer(2089858483,192608db42251d675da83286b1cce702) (ScriptedImporter) -> (artifact id: 'b5d0d723a3a4eee8fb889ab60bdda4bd') in 0.0141783 seconds
Number of updated asset objects reloaded before import = 0Number of asset objects unloaded after import = 1

========================================================================
Received Import Request.
  Time since last request: 0.000026 seconds.
  path: Assets/Scripts/Debug
  artifactKey: Guid(33dfc0311fdef924cb2a28b39756fc04) Importer(2089858483,192608db42251d675da83286b1cce702)
Start importing Assets/Scripts/Debug using Guid(33dfc0311fdef924cb2a28b39756fc04) Importer(2089858483,192608db42251d675da83286b1cce702) (ScriptedImporter) -> (artifact id: '419a70e3770da45262b476497500686d') in 0.0164671 seconds
Number of updated asset objects reloaded before import = 0Number of asset objects unloaded after import = 1

========================================================================
Received Import Request.
  Time since last request: 0.000025 seconds.
  path: Assets/Scripts/Polish/PolishIntegrationManager.cs
  artifactKey: Guid(c355d9de3374eb84bad3e07fb033128a) Importer(2089858483,192608db42251d675da83286b1cce702)
Start importing Assets/Scripts/Polish/PolishIntegrationManager.cs using Guid(c355d9de3374eb84bad3e07fb033128a) Importer(2089858483,192608db42251d675da83286b1cce702) (ScriptedImporter) -> (artifact id: '2b67901535ee4f8ac07f2684b6edd604') in 0.0222458 seconds
Number of updated asset objects reloaded before import = 0Number of asset objects unloaded after import = 0

========================================================================
Received Import Request.
  Time since last request: 0.000041 seconds.
  path: Assets/Scripts/Debug/DebugConsole.cs
  artifactKey: Guid(4c65258749a957043a0064c0bde29059) Importer(2089858483,192608db42251d675da83286b1cce702)
Start importing Assets/Scripts/Debug/DebugConsole.cs using Guid(4c65258749a957043a0064c0bde29059) Importer(2089858483,192608db42251d675da83286b1cce702) (ScriptedImporter) -> (artifact id: 'ea0a5fe54d04cd53f27b9c87ba152ae4') in 0.0193728 seconds
Number of updated asset objects reloaded before import = 0Number of asset objects unloaded after import = 0

========================================================================
Received Import Request.
  Time since last request: 0.000028 seconds.
  path: Assets/Art/Sprites/UI
  artifactKey: Guid(e4a53337b39d2e74e8b519201e0a55d7) Importer(2089858483,192608db42251d675da83286b1cce702)
Start importing Assets/Art/Sprites/UI using Guid(e4a53337b39d2e74e8b519201e0a55d7) Importer(2089858483,192608db42251d675da83286b1cce702) (ScriptedImporter) -> (artifact id: 'b21d15507a9e1400ce2396645d38680f') in 0.018319 seconds
Number of updated asset objects reloaded before import = 0Number of asset objects unloaded after import = 1

========================================================================
Received Import Request.
  Time since last request: 0.000019 seconds.
  path: Assets/Audio/Music
  artifactKey: Guid(8fd4eb082246265498cd535bb8019c29) Importer(2089858483,192608db42251d675da83286b1cce702)
Start importing Assets/Audio/Music using Guid(8fd4eb082246265498cd535bb8019c29) Importer(2089858483,192608db42251d675da83286b1cce702) (ScriptedImporter) -> (artifact id: '34dbd4e82ad730e7ccdb0caf67cad6e6') in 0.0170396 seconds
Number of updated asset objects reloaded before import = 0Number of asset objects unloaded after import = 1

========================================================================
Received Import Request.
  Time since last request: 0.000021 seconds.
  path: Assets/VFX/Prefabs
  artifactKey: Guid(864398c7396f72f4b86b26cc3fdc5f9a) Importer(2089858483,192608db42251d675da83286b1cce702)
Start importing Assets/VFX/Prefabs using Guid(864398c7396f72f4b86b26cc3fdc5f9a) Importer(2089858483,192608db42251d675da83286b1cce702) (ScriptedImporter) -> (artifact id: 'da200d168754159e57b48c3a0ce91b88') in 0.0191789 seconds
Number of updated asset objects reloaded before import = 0Number of asset objects unloaded after import = 1

========================================================================
Received Import Request.
  Time since last request: 0.000030 seconds.
  path: Assets/Scripts/Examples/PolishSystemDemo.cs
  artifactKey: Guid(e44e55c3a028e8f40bf72eceb13213f2) Importer(2089858483,192608db42251d675da83286b1cce702)
Start importing Assets/Scripts/Examples/PolishSystemDemo.cs using Guid(e44e55c3a028e8f40bf72eceb13213f2) Importer(2089858483,192608db42251d675da83286b1cce702) (ScriptedImporter) -> (artifact id: 'f3198d58d7198c2084557b89f9124ea6') in 0.0156677 seconds
Number of updated asset objects reloaded before import = 0Number of asset objects unloaded after import = 0

========================================================================
Received Import Request.
  Time since last request: 0.000019 seconds.
  path: Assets/Audio
  artifactKey: Guid(432b1fed17fff9c40a163e2e6ff5eca0) Importer(2089858483,192608db42251d675da83286b1cce702)
Start importing Assets/Audio using Guid(432b1fed17fff9c40a163e2e6ff5eca0) Importer(2089858483,192608db42251d675da83286b1cce702) (ScriptedImporter) -> (artifact id: '39b3eee3d1fed5d0e281ecb42aeacfc2') in 0.0129265 seconds
Number of updated asset objects reloaded before import = 0Number of asset objects unloaded after import = 1

========================================================================
Received Prepare
'Assets/Photon/Fusion/Runtime/Fusion.Unity.cs' contains partial class of Unity.Object, exactly 1 of the partial classes needs to be in a file with the same filename. This is to know the one that can be referenced from ie. GameObjects
'Assets/Photon/Fusion/Runtime/Fusion.Unity.cs' contains partial class of Unity.Object, exactly 1 of the partial classes needs to be in a file with the same filename. This is to know the one that can be referenced from ie. GameObjects
Refreshing native plugins compatible for Editor in 11.55 ms, found 4 plugins.
Preloading 0 native plugins for Editor in 0.00 ms.
Unloading 13 Unused Serialized files (Serialized files now loaded: 0)
Unloading 6111 unused Assets / (3.4 MB). Loaded Objects now: 6847.
Memory consumption went from 129.8 MB to 126.4 MB.
Total: 321.052100 ms (FindLiveObjects: 8.658200 ms CreateObjectMapping: 1.361800 ms MarkObjects: 304.807700 ms  DeleteObjects: 6.212900 ms)

Prepare: number of updated asset objects reloaded= 0
